[debug] [2018-03-08T13:17:34.886Z] ----------------------------------------------------------------------
[debug] [2018-03-08T13:17:34.888Z] Command:       /Users/juju/.nvm/versions/node/v9.3.0/bin/node /Users/juju/.nvm/versions/node/v9.3.0/bin/firebase serve
[debug] [2018-03-08T13:17:34.888Z] CLI Version:   3.17.5
[debug] [2018-03-08T13:17:34.888Z] Platform:      darwin
[debug] [2018-03-08T13:17:34.888Z] Node Version:  v9.3.0
[debug] [2018-03-08T13:17:34.889Z] Time:          Thu Mar 08 2018 14:17:34 GMT+0100 (CET)
[debug] [2018-03-08T13:17:34.889Z] ----------------------------------------------------------------------
[debug] 
[debug] [2018-03-08T13:17:34.899Z] > command requires scopes: ["email","openid","https://www.googleapis.com/auth/cloudplatformprojects.readonly","https://www.googleapis.com/auth/firebase","https://www.googleapis.com/auth/cloud-platform"]
[debug] [2018-03-08T13:17:34.900Z] > authorizing via signed-in user
[debug] [2018-03-08T13:17:34.901Z] >>> HTTP REQUEST GET https://admin.firebase.com/v1/projects/mychat-4a36a  
  
 Thu Mar 08 2018 14:17:34 GMT+0100 (CET)
[debug] [2018-03-08T13:17:36.704Z] <<< HTTP RESPONSE 200
[debug] [2018-03-08T13:17:36.705Z] >>> HTTP REQUEST GET https://admin.firebase.com/v1/database/mychat-4a36a/tokens  
  
 Thu Mar 08 2018 14:17:36 GMT+0100 (CET)
[debug] [2018-03-08T13:18:31.682Z] <<< HTTP RESPONSE 200
[debug] [2018-03-08T13:18:31.683Z] >>> HTTP REQUEST GET https://cloudresourcemanager.googleapis.com/v1/projects/mychat-4a36a  
  
 Thu Mar 08 2018 14:18:31 GMT+0100 (CET)
[debug] [2018-03-08T13:18:32.816Z] <<< HTTP RESPONSE 200
[info] 
[info] === Serving from '/Users/juju/zarbiz_projects/myChat'...
[info] 
[debug] [2018-03-08T13:18:32.819Z] >>> HTTP REQUEST GET https://mobilesdk-pa.googleapis.com/v1/projects/843159027195/clients/_:getWebAppConfig  
  
 Thu Mar 08 2018 14:18:32 GMT+0100 (CET)
[debug] [2018-03-08T13:18:33.617Z] <<< HTTP RESPONSE 200
[info] i  hosting: Serving hosting files from: public
[info] ✔  hosting: Local server: http://localhost:5000

